<?xml version="1.0" encoding="UTF-8" standalone="no"?>
<testsuite failures="0" name="cucumber.runtime.formatter.JUnitFormatter" skipped="0" tests="1" time="103.872555">
<testcase classname="Create Account/Registration feature for new customer's" name="Verify user able to create account/register as new user" time="103.872555">
<system-out><![CDATA[Given User is on Registration page..........................................passed
When Registration form title matches........................................passed
Then enter all the required fields and submit the registration form.........passed
And navigate to Homepage....................................................passed
]]></system-out>
</testcase>
</testsuite>
