<?xml version="1.0" encoding="UTF-8" standalone="no"?>
<testsuite failures="0" name="cucumber.runtime.formatter.JUnitFormatter" skipped="0" tests="1" time="28.384167">
<testcase classname="Petco Login Feature" name="Petco Invalid Login Test Scenario" time="28.384167">
<system-out><![CDATA[Given user is already on Login Page.........................................passed
When title of login page is Sign in.........................................passed
Then user enters "prasanna.kandregula@gmail.com" and "Lucky@143"............passed
Then user clicks on Sign In button..........................................passed
Then verify invalid login error message.....................................passed
Then close the browser......................................................passed
]]></system-out>
</testcase>
</testsuite>
