<?xml version="1.0" encoding="UTF-8" standalone="no"?>
<testsuite failures="0" name="cucumber.runtime.formatter.JUnitFormatter" skipped="0" tests="2" time="54.157763">
<testcase classname="Petco Login Feature" name="Petco Valid Login Test Scenario" time="29.754335">
<system-out><![CDATA[Given user is already on Login Page.........................................passed
When title of login page is Sign in.........................................passed
Then user enters "prasanna.kandregula.lpk@gmail.com" and "Lucky@143"........passed
Then user clicks on Sign In button..........................................passed
Then user is on home page...................................................passed
Then close the browser......................................................passed
]]></system-out>
</testcase>
<testcase classname="Petco Login Feature" name="Petco Invalid Login Test Scenario" time="24.403428">
<system-out><![CDATA[Given user is already on Login Page.........................................passed
When title of login page is Sign in.........................................passed
Then user enters "prasanna.kandregula@gmail.com" and "Lucky@143"............passed
Then user clicks on Sign In button..........................................passed
Then close the browser......................................................passed
]]></system-out>
</testcase>
</testsuite>
