<?xml version="1.0" encoding="UTF-8" standalone="no"?>
<testsuite failures="2" name="cucumber.runtime.formatter.JUnitFormatter" skipped="0" tests="2" time="56.500176">
<testcase classname="Petco Login Feature" name="Petco Valid Login Test Scenario" time="25.899138">
<failure message="junit.framework.ComparisonFailure: expected:&lt;[Pet Supplies, Pet Food, and Pet Products | Petco]&gt; but was:&lt;[Sign in]&gt;&#13;&#10;&#9;at junit.framework.Assert.assertEquals(Assert.java:100)&#13;&#10;&#9;at junit.framework.Assert.assertEquals(Assert.java:107)&#13;&#10;&#9;at stepDefinations.login.user_is_on_home_page(login.java:71)&#13;&#10;&#9;at ✽.Then user is on home page(C:/Users/SAI KUMAR/eclipse-workspace/PetcoBDDFramework/src/main/java/Features/login.feature:22)&#13;&#10;"><![CDATA[Given user is already on Login Page.........................................passed
When title of login page is Sign in.........................................passed
Then user enters "prasanna.kandregula.lpk@gmail.com" and "Lucky@143"........passed
Then user clicks on Sign In button..........................................passed
Then user is on home page...................................................failed

StackTrace:
junit.framework.ComparisonFailure: expected:<[Pet Supplies, Pet Food, and Pet Products | Petco]> but was:<[Sign in]>
	at junit.framework.Assert.assertEquals(Assert.java:100)
	at junit.framework.Assert.assertEquals(Assert.java:107)
	at stepDefinations.login.user_is_on_home_page(login.java:71)
	at ✽.Then user is on home page(C:/Users/SAI KUMAR/eclipse-workspace/PetcoBDDFramework/src/main/java/Features/login.feature:22)
]]></failure>
</testcase>
<testcase classname="Petco Login Feature" name="Petco Invalid Login Test Scenario" time="30.601038">
<failure message="org.openqa.selenium.WebDriverException: java.net.ConnectException: Failed to connect to localhost/0:0:0:0:0:0:0:1:28122&#10;Build info: version: '3.141.59', revision: 'e82be7d358', time: '2018-11-14T08:17:03'&#10;System info: host: 'DESKTOP-T3PS0N3', ip: '192.168.43.148', os.name: 'Windows 10', os.arch: 'amd64', os.version: '10.0', java.version: '1.8.0_231'&#10;Driver info: driver.version: RemoteWebDriver&#13;&#10;&#9;at org.openqa.selenium.remote.service.DriverCommandExecutor.execute(DriverCommandExecutor.java:92)&#13;&#10;&#9;at org.openqa.selenium.remote.RemoteWebDriver.execute(RemoteWebDriver.java:552)&#13;&#10;&#9;at org.openqa.selenium.remote.RemoteWebDriver.get(RemoteWebDriver.java:277)&#13;&#10;&#9;at org.openqa.selenium.remote.RemoteWebDriver$RemoteNavigation.to(RemoteWebDriver.java:857)&#13;&#10;&#9;at stepDefinations.login.user_is_already_on_Login_Page(login.java:41)&#13;&#10;&#9;at ✽.Given user is already on Login Page(C:/Users/SAI KUMAR/eclipse-workspace/PetcoBDDFramework/src/main/java/Features/login.feature:32)&#13;&#10;Caused by: java.net.ConnectException: Failed to connect to localhost/0:0:0:0:0:0:0:1:28122&#13;&#10;&#9;at okhttp3.internal.connection.RealConnection.connectSocket(RealConnection.java:247)&#13;&#10;&#9;at okhttp3.internal.connection.RealConnection.connect(RealConnection.java:165)&#13;&#10;&#9;at okhttp3.internal.connection.StreamAllocation.findConnection(StreamAllocation.java:257)&#13;&#10;&#9;at okhttp3.internal.connection.StreamAllocation.findHealthyConnection(StreamAllocation.java:135)&#13;&#10;&#9;at okhttp3.internal.connection.StreamAllocation.newStream(StreamAllocation.java:114)&#13;&#10;&#9;at okhttp3.internal.connection.ConnectInterceptor.intercept(ConnectInterceptor.java:42)&#13;&#10;&#9;at okhttp3.internal.http.RealInterceptorChain.proceed(RealInterceptorChain.java:147)&#13;&#10;&#9;at okhttp3.internal.http.RealInterceptorChain.proceed(RealInterceptorChain.java:121)&#13;&#10;&#9;at okhttp3.internal.cache.CacheInterceptor.intercept(CacheInterceptor.java:93)&#13;&#10;&#9;at okhttp3.internal.http.RealInterceptorChain.proceed(RealInterceptorChain.java:147)&#13;&#10;&#9;at okhttp3.internal.http.RealInterceptorChain.proceed(RealInterceptorChain.java:121)&#13;&#10;&#9;at okhttp3.internal.http.BridgeInterceptor.intercept(BridgeInterceptor.java:93)&#13;&#10;&#9;at okhttp3.internal.http.RealInterceptorChain.proceed(RealInterceptorChain.java:147)&#13;&#10;&#9;at okhttp3.internal.http.RetryAndFollowUpInterceptor.intercept(RetryAndFollowUpInterceptor.java:126)&#13;&#10;&#9;at okhttp3.internal.http.RealInterceptorChain.proceed(RealInterceptorChain.java:147)&#13;&#10;&#9;at okhttp3.internal.http.RealInterceptorChain.proceed(RealInterceptorChain.java:121)&#13;&#10;&#9;at okhttp3.RealCall.getResponseWithInterceptorChain(RealCall.java:200)&#13;&#10;&#9;at okhttp3.RealCall.execute(RealCall.java:77)&#13;&#10;&#9;at org.openqa.selenium.remote.internal.OkHttpClient.execute(OkHttpClient.java:103)&#13;&#10;&#9;at org.openqa.selenium.remote.HttpCommandExecutor.execute(HttpCommandExecutor.java:155)&#13;&#10;&#9;at org.openqa.selenium.remote.service.DriverCommandExecutor.execute(DriverCommandExecutor.java:83)&#13;&#10;&#9;at org.openqa.selenium.remote.RemoteWebDriver.execute(RemoteWebDriver.java:552)&#13;&#10;&#9;at org.openqa.selenium.remote.RemoteWebDriver.get(RemoteWebDriver.java:277)&#13;&#10;&#9;at org.openqa.selenium.remote.RemoteWebDriver$RemoteNavigation.to(RemoteWebDriver.java:857)&#13;&#10;&#9;at stepDefinations.login.user_is_already_on_Login_Page(login.java:41)&#13;&#10;&#9;at sun.reflect.NativeMethodAccessorImpl.invoke0(Native Method)&#13;&#10;&#9;at sun.reflect.NativeMethodAccessorImpl.invoke(Unknown Source)&#13;&#10;&#9;at sun.reflect.DelegatingMethodAccessorImpl.invoke(Unknown Source)&#13;&#10;&#9;at java.lang.reflect.Method.invoke(Unknown Source)&#13;&#10;&#9;at cucumber.runtime.Utils$1.call(Utils.java:40)&#13;&#10;&#9;at cucumber.runtime.Timeout.timeout(Timeout.java:16)&#13;&#10;&#9;at cucumber.runtime.Utils.invoke(Utils.java:34)&#13;&#10;&#9;at cucumber.runtime.java.JavaStepDefinition.execute(JavaStepDefinition.java:38)&#13;&#10;&#9;at cucumber.runtime.StepDefinitionMatch.runStep(StepDefinitionMatch.java:37)&#13;&#10;&#9;at cucumber.runtime.Runtime.runStep(Runtime.java:300)&#13;&#10;&#9;at cucumber.runtime.model.StepContainer.runStep(StepContainer.java:44)&#13;&#10;&#9;at cucumber.runtime.model.StepContainer.runSteps(StepContainer.java:39)&#13;&#10;&#9;at cucumber.runtime.model.CucumberScenario.run(CucumberScenario.java:44)&#13;&#10;&#9;at cucumber.runtime.junit.ExecutionUnitRunner.run(ExecutionUnitRunner.java:102)&#13;&#10;&#9;at org.junit.runners.Suite.runChild(Suite.java:128)&#13;&#10;&#9;at org.junit.runners.Suite.runChild(Suite.java:27)&#13;&#10;&#9;at org.junit.runners.ParentRunner$4.run(ParentRunner.java:331)&#13;&#10;&#9;at org.junit.runners.ParentRunner$1.schedule(ParentRunner.java:79)&#13;&#10;&#9;at org.junit.runners.ParentRunner.runChildren(ParentRunner.java:329)&#13;&#10;&#9;at org.junit.runners.ParentRunner.access$100(ParentRunner.java:66)&#13;&#10;&#9;at org.junit.runners.ParentRunner$2.evaluate(ParentRunner.java:293)&#13;&#10;&#9;at org.junit.runners.ParentRunner$3.evaluate(ParentRunner.java:306)&#13;&#10;&#9;at org.junit.runners.ParentRunner.run(ParentRunner.java:413)&#13;&#10;&#9;at cucumber.runtime.junit.ExamplesRunner.run(ExamplesRunner.java:59)&#13;&#10;&#9;at org.junit.runners.Suite.runChild(Suite.java:128)&#13;&#10;&#9;at org.junit.runners.Suite.runChild(Suite.java:27)&#13;&#10;&#9;at org.junit.runners.ParentRunner$4.run(ParentRunner.java:331)&#13;&#10;&#9;at org.junit.runners.ParentRunner$1.schedule(ParentRunner.java:79)&#13;&#10;&#9;at org.junit.runners.ParentRunner.runChildren(ParentRunner.java:329)&#13;&#10;&#9;at org.junit.runners.ParentRunner.access$100(ParentRunner.java:66)&#13;&#10;&#9;at org.junit.runners.ParentRunner$2.evaluate(ParentRunner.java:293)&#13;&#10;&#9;at org.junit.runners.ParentRunner$3.evaluate(ParentRunner.java:306)&#13;&#10;&#9;at org.junit.runners.ParentRunner.run(ParentRunner.java:413)&#13;&#10;&#9;at cucumber.runtime.junit.ScenarioOutlineRunner.run(ScenarioOutlineRunner.java:53)&#13;&#10;&#9;at cucumber.runtime.junit.FeatureRunner.runChild(FeatureRunner.java:63)&#13;&#10;&#9;at cucumber.runtime.junit.FeatureRunner.runChild(FeatureRunner.java:18)&#13;&#10;&#9;at org.junit.runners.ParentRunner$4.run(ParentRunner.java:331)&#13;&#10;&#9;at org.junit.runners.ParentRunner$1.schedule(ParentRunner.java:79)&#13;&#10;&#9;at org.junit.runners.ParentRunner.runChildren(ParentRunner.java:329)&#13;&#10;&#9;at org.junit.runners.ParentRunner.access$100(ParentRunner.java:66)&#13;&#10;&#9;at org.junit.runners.ParentRunner$2.evaluate(ParentRunner.java:293)&#13;&#10;&#9;at org.junit.runners.ParentRunner$3.evaluate(ParentRunner.java:306)&#13;&#10;&#9;at org.junit.runners.ParentRunner.run(ParentRunner.java:413)&#13;&#10;&#9;at cucumber.runtime.junit.FeatureRunner.run(FeatureRunner.java:70)&#13;&#10;&#9;at cucumber.api.junit.Cucumber.runChild(Cucumber.java:95)&#13;&#10;&#9;at cucumber.api.junit.Cucumber.runChild(Cucumber.java:38)&#13;&#10;&#9;at org.junit.runners.ParentRunner$4.run(ParentRunner.java:331)&#13;&#10;&#9;at org.junit.runners.ParentRunner$1.schedule(ParentRunner.java:79)&#13;&#10;&#9;at org.junit.runners.ParentRunner.runChildren(ParentRunner.java:329)&#13;&#10;&#9;at org.junit.runners.ParentRunner.access$100(ParentRunner.java:66)&#13;&#10;&#9;at org.junit.runners.ParentRunner$2.evaluate(ParentRunner.java:293)&#13;&#10;&#9;at org.junit.runners.ParentRunner$3.evaluate(ParentRunner.java:306)&#13;&#10;&#9;at org.junit.runners.ParentRunner.run(ParentRunner.java:413)&#13;&#10;&#9;at cucumber.api.junit.Cucumber.run(Cucumber.java:100)&#13;&#10;&#9;at org.eclipse.jdt.internal.junit4.runner.JUnit4TestReference.run(JUnit4TestReference.java:89)&#13;&#10;&#9;at org.eclipse.jdt.internal.junit.runner.TestExecution.run(TestExecution.java:41)&#13;&#10;&#9;at org.eclipse.jdt.internal.junit.runner.RemoteTestRunner.runTests(RemoteTestRunner.java:541)&#13;&#10;&#9;at org.eclipse.jdt.internal.junit.runner.RemoteTestRunner.runTests(RemoteTestRunner.java:763)&#13;&#10;&#9;at org.eclipse.jdt.internal.junit.runner.RemoteTestRunner.run(RemoteTestRunner.java:463)&#13;&#10;&#9;at org.eclipse.jdt.internal.junit.runner.RemoteTestRunner.main(RemoteTestRunner.java:209)&#13;&#10;Caused by: java.net.ConnectException: Connection refused: connect&#13;&#10;&#9;at java.net.DualStackPlainSocketImpl.waitForConnect(Native Method)&#13;&#10;&#9;at java.net.DualStackPlainSocketImpl.socketConnect(Unknown Source)&#13;&#10;&#9;at java.net.AbstractPlainSocketImpl.doConnect(Unknown Source)&#13;&#10;&#9;at java.net.AbstractPlainSocketImpl.connectToAddress(Unknown Source)&#13;&#10;&#9;at java.net.AbstractPlainSocketImpl.connect(Unknown Source)&#13;&#10;&#9;at java.net.PlainSocketImpl.connect(Unknown Source)&#13;&#10;&#9;at java.net.SocksSocketImpl.connect(Unknown Source)&#13;&#10;&#9;at java.net.Socket.connect(Unknown Source)&#13;&#10;&#9;at okhttp3.internal.platform.Platform.connectSocket(Platform.java:129)&#13;&#10;&#9;at okhttp3.internal.connection.RealConnection.connectSocket(RealConnection.java:245)&#13;&#10;&#9;... 84 more&#13;&#10;"><![CDATA[Given user is already on Login Page.........................................failed
When title of login page is Sign in.........................................skipped
Then user enters "prasanna.kandregula@gmail.com" and "Lucky@143"............skipped
Then user clicks on Sign In button..........................................skipped

StackTrace:
org.openqa.selenium.WebDriverException: java.net.ConnectException: Failed to connect to localhost/0:0:0:0:0:0:0:1:28122
Build info: version: '3.141.59', revision: 'e82be7d358', time: '2018-11-14T08:17:03'
System info: host: 'DESKTOP-T3PS0N3', ip: '192.168.43.148', os.name: 'Windows 10', os.arch: 'amd64', os.version: '10.0', java.version: '1.8.0_231'
Driver info: driver.version: RemoteWebDriver
	at org.openqa.selenium.remote.service.DriverCommandExecutor.execute(DriverCommandExecutor.java:92)
	at org.openqa.selenium.remote.RemoteWebDriver.execute(RemoteWebDriver.java:552)
	at org.openqa.selenium.remote.RemoteWebDriver.get(RemoteWebDriver.java:277)
	at org.openqa.selenium.remote.RemoteWebDriver$RemoteNavigation.to(RemoteWebDriver.java:857)
	at stepDefinations.login.user_is_already_on_Login_Page(login.java:41)
	at ✽.Given user is already on Login Page(C:/Users/SAI KUMAR/eclipse-workspace/PetcoBDDFramework/src/main/java/Features/login.feature:32)
Caused by: java.net.ConnectException: Failed to connect to localhost/0:0:0:0:0:0:0:1:28122
	at okhttp3.internal.connection.RealConnection.connectSocket(RealConnection.java:247)
	at okhttp3.internal.connection.RealConnection.connect(RealConnection.java:165)
	at okhttp3.internal.connection.StreamAllocation.findConnection(StreamAllocation.java:257)
	at okhttp3.internal.connection.StreamAllocation.findHealthyConnection(StreamAllocation.java:135)
	at okhttp3.internal.connection.StreamAllocation.newStream(StreamAllocation.java:114)
	at okhttp3.internal.connection.ConnectInterceptor.intercept(ConnectInterceptor.java:42)
	at okhttp3.internal.http.RealInterceptorChain.proceed(RealInterceptorChain.java:147)
	at okhttp3.internal.http.RealInterceptorChain.proceed(RealInterceptorChain.java:121)
	at okhttp3.internal.cache.CacheInterceptor.intercept(CacheInterceptor.java:93)
	at okhttp3.internal.http.RealInterceptorChain.proceed(RealInterceptorChain.java:147)
	at okhttp3.internal.http.RealInterceptorChain.proceed(RealInterceptorChain.java:121)
	at okhttp3.internal.http.BridgeInterceptor.intercept(BridgeInterceptor.java:93)
	at okhttp3.internal.http.RealInterceptorChain.proceed(RealInterceptorChain.java:147)
	at okhttp3.internal.http.RetryAndFollowUpInterceptor.intercept(RetryAndFollowUpInterceptor.java:126)
	at okhttp3.internal.http.RealInterceptorChain.proceed(RealInterceptorChain.java:147)
	at okhttp3.internal.http.RealInterceptorChain.proceed(RealInterceptorChain.java:121)
	at okhttp3.RealCall.getResponseWithInterceptorChain(RealCall.java:200)
	at okhttp3.RealCall.execute(RealCall.java:77)
	at org.openqa.selenium.remote.internal.OkHttpClient.execute(OkHttpClient.java:103)
	at org.openqa.selenium.remote.HttpCommandExecutor.execute(HttpCommandExecutor.java:155)
	at org.openqa.selenium.remote.service.DriverCommandExecutor.execute(DriverCommandExecutor.java:83)
	at org.openqa.selenium.remote.RemoteWebDriver.execute(RemoteWebDriver.java:552)
	at org.openqa.selenium.remote.RemoteWebDriver.get(RemoteWebDriver.java:277)
	at org.openqa.selenium.remote.RemoteWebDriver$RemoteNavigation.to(RemoteWebDriver.java:857)
	at stepDefinations.login.user_is_already_on_Login_Page(login.java:41)
	at sun.reflect.NativeMethodAccessorImpl.invoke0(Native Method)
	at sun.reflect.NativeMethodAccessorImpl.invoke(Unknown Source)
	at sun.reflect.DelegatingMethodAccessorImpl.invoke(Unknown Source)
	at java.lang.reflect.Method.invoke(Unknown Source)
	at cucumber.runtime.Utils$1.call(Utils.java:40)
	at cucumber.runtime.Timeout.timeout(Timeout.java:16)
	at cucumber.runtime.Utils.invoke(Utils.java:34)
	at cucumber.runtime.java.JavaStepDefinition.execute(JavaStepDefinition.java:38)
	at cucumber.runtime.StepDefinitionMatch.runStep(StepDefinitionMatch.java:37)
	at cucumber.runtime.Runtime.runStep(Runtime.java:300)
	at cucumber.runtime.model.StepContainer.runStep(StepContainer.java:44)
	at cucumber.runtime.model.StepContainer.runSteps(StepContainer.java:39)
	at cucumber.runtime.model.CucumberScenario.run(CucumberScenario.java:44)
	at cucumber.runtime.junit.ExecutionUnitRunner.run(ExecutionUnitRunner.java:102)
	at org.junit.runners.Suite.runChild(Suite.java:128)
	at org.junit.runners.Suite.runChild(Suite.java:27)
	at org.junit.runners.ParentRunner$4.run(ParentRunner.java:331)
	at org.junit.runners.ParentRunner$1.schedule(ParentRunner.java:79)
	at org.junit.runners.ParentRunner.runChildren(ParentRunner.java:329)
	at org.junit.runners.ParentRunner.access$100(ParentRunner.java:66)
	at org.junit.runners.ParentRunner$2.evaluate(ParentRunner.java:293)
	at org.junit.runners.ParentRunner$3.evaluate(ParentRunner.java:306)
	at org.junit.runners.ParentRunner.run(ParentRunner.java:413)
	at cucumber.runtime.junit.ExamplesRunner.run(ExamplesRunner.java:59)
	at org.junit.runners.Suite.runChild(Suite.java:128)
	at org.junit.runners.Suite.runChild(Suite.java:27)
	at org.junit.runners.ParentRunner$4.run(ParentRunner.java:331)
	at org.junit.runners.ParentRunner$1.schedule(ParentRunner.java:79)
	at org.junit.runners.ParentRunner.runChildren(ParentRunner.java:329)
	at org.junit.runners.ParentRunner.access$100(ParentRunner.java:66)
	at org.junit.runners.ParentRunner$2.evaluate(ParentRunner.java:293)
	at org.junit.runners.ParentRunner$3.evaluate(ParentRunner.java:306)
	at org.junit.runners.ParentRunner.run(ParentRunner.java:413)
	at cucumber.runtime.junit.ScenarioOutlineRunner.run(ScenarioOutlineRunner.java:53)
	at cucumber.runtime.junit.FeatureRunner.runChild(FeatureRunner.java:63)
	at cucumber.runtime.junit.FeatureRunner.runChild(FeatureRunner.java:18)
	at org.junit.runners.ParentRunner$4.run(ParentRunner.java:331)
	at org.junit.runners.ParentRunner$1.schedule(ParentRunner.java:79)
	at org.junit.runners.ParentRunner.runChildren(ParentRunner.java:329)
	at org.junit.runners.ParentRunner.access$100(ParentRunner.java:66)
	at org.junit.runners.ParentRunner$2.evaluate(ParentRunner.java:293)
	at org.junit.runners.ParentRunner$3.evaluate(ParentRunner.java:306)
	at org.junit.runners.ParentRunner.run(ParentRunner.java:413)
	at cucumber.runtime.junit.FeatureRunner.run(FeatureRunner.java:70)
	at cucumber.api.junit.Cucumber.runChild(Cucumber.java:95)
	at cucumber.api.junit.Cucumber.runChild(Cucumber.java:38)
	at org.junit.runners.ParentRunner$4.run(ParentRunner.java:331)
	at org.junit.runners.ParentRunner$1.schedule(ParentRunner.java:79)
	at org.junit.runners.ParentRunner.runChildren(ParentRunner.java:329)
	at org.junit.runners.ParentRunner.access$100(ParentRunner.java:66)
	at org.junit.runners.ParentRunner$2.evaluate(ParentRunner.java:293)
	at org.junit.runners.ParentRunner$3.evaluate(ParentRunner.java:306)
	at org.junit.runners.ParentRunner.run(ParentRunner.java:413)
	at cucumber.api.junit.Cucumber.run(Cucumber.java:100)
	at org.eclipse.jdt.internal.junit4.runner.JUnit4TestReference.run(JUnit4TestReference.java:89)
	at org.eclipse.jdt.internal.junit.runner.TestExecution.run(TestExecution.java:41)
	at org.eclipse.jdt.internal.junit.runner.RemoteTestRunner.runTests(RemoteTestRunner.java:541)
	at org.eclipse.jdt.internal.junit.runner.RemoteTestRunner.runTests(RemoteTestRunner.java:763)
	at org.eclipse.jdt.internal.junit.runner.RemoteTestRunner.run(RemoteTestRunner.java:463)
	at org.eclipse.jdt.internal.junit.runner.RemoteTestRunner.main(RemoteTestRunner.java:209)
Caused by: java.net.ConnectException: Connection refused: connect
	at java.net.DualStackPlainSocketImpl.waitForConnect(Native Method)
	at java.net.DualStackPlainSocketImpl.socketConnect(Unknown Source)
	at java.net.AbstractPlainSocketImpl.doConnect(Unknown Source)
	at java.net.AbstractPlainSocketImpl.connectToAddress(Unknown Source)
	at java.net.AbstractPlainSocketImpl.connect(Unknown Source)
	at java.net.PlainSocketImpl.connect(Unknown Source)
	at java.net.SocksSocketImpl.connect(Unknown Source)
	at java.net.Socket.connect(Unknown Source)
	at okhttp3.internal.platform.Platform.connectSocket(Platform.java:129)
	at okhttp3.internal.connection.RealConnection.connectSocket(RealConnection.java:245)
	... 84 more
]]></failure>
</testcase>
</testsuite>
